<?xml version="1.0" encoding="UTF-8"?>
<testsuite name="com.liftoff.helloworld.HelloWorldApplicationTests" tests="1" skipped="0" failures="0" errors="0" timestamp="2020-12-02T23:35:19" hostname="Jordyns-MacBook-Air.local" time="0.48">
  <properties/>
  <testcase name="contextLoads()" classname="com.liftoff.helloworld.HelloWorldApplicationTests" time="0.48"/>
  <system-out><![CDATA[17:35:16.815 [Test worker] DEBUG org.springframework.test.context.BootstrapUtils - Instantiating CacheAwareContextLoaderDelegate from class [org.springframework.test.context.cache.DefaultCacheAwareContextLoaderDelegate]
17:35:16.839 [Test worker] DEBUG org.springframework.test.context.BootstrapUtils - Instantiating BootstrapContext using constructor [public org.springframework.test.context.support.DefaultBootstrapContext(java.lang.Class,org.springframework.test.context.CacheAwareContextLoaderDelegate)]
17:35:16.912 [Test worker] DEBUG org.springframework.test.context.BootstrapUtils - Instantiating TestContextBootstrapper for test class [com.liftoff.helloworld.HelloWorldApplicationTests] from class [org.springframework.boot.test.context.SpringBootTestContextBootstrapper]
17:35:16.938 [Test worker] INFO org.springframework.boot.test.context.SpringBootTestContextBootstrapper - Neither @ContextConfiguration nor @ContextHierarchy found for test class [com.liftoff.helloworld.HelloWorldApplicationTests], using SpringBootContextLoader
17:35:16.945 [Test worker] DEBUG org.springframework.test.context.support.AbstractContextLoader - Did not detect default resource location for test class [com.liftoff.helloworld.HelloWorldApplicationTests]: class path resource [com/liftoff/helloworld/HelloWorldApplicationTests-context.xml] does not exist
17:35:16.948 [Test worker] DEBUG org.springframework.test.context.support.AbstractContextLoader - Did not detect default resource location for test class [com.liftoff.helloworld.HelloWorldApplicationTests]: class path resource [com/liftoff/helloworld/HelloWorldApplicationTestsContext.groovy] does not exist
17:35:16.949 [Test worker] INFO org.springframework.test.context.support.AbstractContextLoader - Could not detect default resource locations for test class [com.liftoff.helloworld.HelloWorldApplicationTests]: no resource found for suffixes {-context.xml, Context.groovy}.
17:35:16.950 [Test worker] INFO org.springframework.test.context.support.AnnotationConfigContextLoaderUtils - Could not detect default configuration classes for test class [com.liftoff.helloworld.HelloWorldApplicationTests]: HelloWorldApplicationTests does not declare any static, non-private, non-final, nested classes annotated with @Configuration.
17:35:17.010 [Test worker] DEBUG org.springframework.test.context.support.ActiveProfilesUtils - Could not find an 'annotation declaring class' for annotation type [org.springframework.test.context.ActiveProfiles] and class [com.liftoff.helloworld.HelloWorldApplicationTests]
17:35:17.116 [Test worker] DEBUG org.springframework.context.annotation.ClassPathScanningCandidateComponentProvider - Identified candidate component class: file [/Users/jordyncrawford/liftoff/hello-world/build/classes/java/main/com/liftoff/helloworld/HelloWorldApplication.class]
17:35:17.119 [Test worker] INFO org.springframework.boot.test.context.SpringBootTestContextBootstrapper - Found @SpringBootConfiguration com.liftoff.helloworld.HelloWorldApplication for test class com.liftoff.helloworld.HelloWorldApplicationTests
17:35:17.278 [Test worker] DEBUG org.springframework.boot.test.context.SpringBootTestContextBootstrapper - @TestExecutionListeners is not present for class [com.liftoff.helloworld.HelloWorldApplicationTests]: using defaults.
17:35:17.279 [Test worker] INFO org.springframework.boot.test.context.SpringBootTestContextBootstrapper - Loaded default TestExecutionListener class names from location [META-INF/spring.factories]: [org.springframework.boot.test.autoconfigure.restdocs.RestDocsTestExecutionListener, org.springframework.boot.test.autoconfigure.web.client.MockRestServiceServerResetTestExecutionListener, org.springframework.boot.test.autoconfigure.web.servlet.MockMvcPrintOnlyOnFailureTestExecutionListener, org.springframework.boot.test.autoconfigure.web.servlet.WebDriverTestExecutionListener, org.springframework.boot.test.mock.mockito.MockitoTestExecutionListener, org.springframework.boot.test.mock.mockito.ResetMocksTestExecutionListener, org.springframework.test.context.web.ServletTestExecutionListener, org.springframework.test.context.support.DirtiesContextBeforeModesTestExecutionListener, org.springframework.test.context.support.DependencyInjectionTestExecutionListener, org.springframework.test.context.support.DirtiesContextTestExecutionListener, org.springframework.test.context.transaction.TransactionalTestExecutionListener, org.springframework.test.context.jdbc.SqlScriptsTestExecutionListener, org.springframework.test.context.event.EventPublishingTestExecutionListener]
17:35:17.296 [Test worker] DEBUG org.springframework.boot.test.context.SpringBootTestContextBootstrapper - Skipping candidate TestExecutionListener [org.springframework.test.context.transaction.TransactionalTestExecutionListener] due to a missing dependency. Specify custom listener classes or make the default listener classes and their required dependencies available. Offending class: [org/springframework/transaction/interceptor/TransactionAttributeSource]
17:35:17.297 [Test worker] DEBUG org.springframework.boot.test.context.SpringBootTestContextBootstrapper - Skipping candidate TestExecutionListener [org.springframework.test.context.jdbc.SqlScriptsTestExecutionListener] due to a missing dependency. Specify custom listener classes or make the default listener classes and their required dependencies available. Offending class: [org/springframework/transaction/interceptor/TransactionAttribute]
17:35:17.298 [Test worker] INFO org.springframework.boot.test.context.SpringBootTestContextBootstrapper - Using TestExecutionListeners: [org.springframework.test.context.web.ServletTestExecutionListener@10de31f2, org.springframework.test.context.support.DirtiesContextBeforeModesTestExecutionListener@711e7390, org.springframework.boot.test.mock.mockito.MockitoTestExecutionListener@12f3a9b7, org.springframework.boot.test.autoconfigure.SpringBootDependencyInjectionTestExecutionListener@227618db, org.springframework.test.context.support.DirtiesContextTestExecutionListener@43c6ecc6, org.springframework.test.context.event.EventPublishingTestExecutionListener@414685dd, org.springframework.boot.test.autoconfigure.restdocs.RestDocsTestExecutionListener@4ef73253, org.springframework.boot.test.autoconfigure.web.client.MockRestServiceServerResetTestExecutionListener@5cd55b96, org.springframework.boot.test.autoconfigure.web.servlet.MockMvcPrintOnlyOnFailureTestExecutionListener@28812c16, org.springframework.boot.test.autoconfigure.web.servlet.WebDriverTestExecutionListener@5d1c3cb6, org.springframework.boot.test.mock.mockito.ResetMocksTestExecutionListener@2a0ef8ec]
17:35:17.304 [Test worker] DEBUG org.springframework.test.context.support.AbstractDirtiesContextTestExecutionListener - Before test class: context [DefaultTestContext@223ffcb6 testClass = HelloWorldApplicationTests, testInstance = [null], testMethod = [null], testException = [null], mergedContextConfiguration = [WebMergedContextConfiguration@2800281c testClass = HelloWorldApplicationTests, locations = '{}', classes = '{class com.liftoff.helloworld.HelloWorldApplication}', contextInitializerClasses = '[]', activeProfiles = '{}', propertySourceLocations = '{}', propertySourceProperties = '{org.springframework.boot.test.context.SpringBootTestContextBootstrapper=true}', contextCustomizers = set[org.springframework.boot.test.autoconfigure.properties.PropertyMappingContextCustomizer@0, org.springframework.boot.test.autoconfigure.web.servlet.WebDriverContextCustomizerFactory$Customizer@54882316, org.springframework.boot.test.context.filter.ExcludeFilterContextCustomizer@4801095a, org.springframework.boot.test.json.DuplicateJsonObjectContextCustomizerFactory$DuplicateJsonObjectContextCustomizer@63c3ad09, org.springframework.boot.test.mock.mockito.MockitoContextCustomizer@0, org.springframework.boot.test.web.client.TestRestTemplateContextCustomizer@7a555fdb, org.springframework.boot.test.context.SpringBootTestArgs@1, org.springframework.boot.test.context.SpringBootTestWebEnvironment@d29c6be], resourceBasePath = 'src/main/webapp', contextLoader = 'org.springframework.boot.test.context.SpringBootContextLoader', parent = [null]], attributes = map['org.springframework.test.context.web.ServletTestExecutionListener.activateListener' -> true]], class annotated with @DirtiesContext [false] with mode [null].
17:35:17.357 [Test worker] DEBUG org.springframework.test.context.support.TestPropertySourceUtils - Adding inlined properties to environment: {spring.jmx.enabled=false, org.springframework.boot.test.context.SpringBootTestContextBootstrapper=true, server.port=-1}

  .   ____          _            __ _ _
 /\\ / ___'_ __ _ _(_)_ __  __ _ \ \ \ \
( ( )\___ | '_ | '_| | '_ \/ _` | \ \ \ \
 \\/  ___)| |_)| | | | | || (_| |  ) ) ) )
  '  |____| .__|_| |_|_| |_\__, | / / / /
 =========|_|==============|___/=/_/_/_/
 :: Spring Boot ::       (v2.2.11.RELEASE)

2020-12-02 17:35:17.870  INFO 93987 --- [    Test worker] c.l.h.HelloWorldApplicationTests         : Starting HelloWorldApplicationTests on Jordyns-MacBook-Air.local with PID 93987 (started by jordyncrawford in /Users/jordyncrawford/liftoff/hello-world)
2020-12-02 17:35:17.873  INFO 93987 --- [    Test worker] c.l.h.HelloWorldApplicationTests         : No active profile set, falling back to default profiles: default
2020-12-02 17:35:19.445  INFO 93987 --- [    Test worker] o.s.s.concurrent.ThreadPoolTaskExecutor  : Initializing ExecutorService 'applicationTaskExecutor'
2020-12-02 17:35:19.932  INFO 93987 --- [    Test worker] c.l.h.HelloWorldApplicationTests         : Started HelloWorldApplicationTests in 2.559 seconds (JVM running for 4.183)
]]></system-out>
  <system-err><![CDATA[]]></system-err>
</testsuite>
